<?xml version="1.0" encoding="UTF-8" ?>
<testsuite errors="1" failures="0" name="net.homeip.yusuke.samurai.test.Suite" tests="1" time="0.0">
  <properties>
[...]
</properties>
  <error message="net.homeip.yusuke.samurai.test.Suite" type="java.lang.ClassNotFoundException">java.lang.ClassNotFoundException: net.homeip.yusuke.samurai.test.Suite
	at java.net.URLClassLoader$1.run(URLClassLoader.java:199)
	at java.security.AccessController.doPrivileged(Native Method)
	at java.net.URLClassLoader.findClass(URLClassLoader.java:187)
	at java.lang.ClassLoader.loadClass(ClassLoader.java:289)
	at java.lang.ClassLoader.loadClass(ClassLoader.java:235)
	at java.lang.ClassLoader.loadClass(ClassLoader.java:235)
	at java.lang.ClassLoader.loadClassInternal(ClassLoader.java:302)
	at java.lang.Class.forName0(Native Method)
	at java.lang.Class.forName(Class.java:219)
</error>
</testsuite>
